<?xml version="1.0" encoding="UTF-8"?>
<testng-results ignored="0" total="4" passed="4" failed="0" skipped="0">
  <reporter-output>
  </reporter-output>
  <suite started-at="2025-08-12T10:52:48 GST" name="Suite" finished-at="2025-08-12T10:53:19 GST" duration-ms="31264">
    <groups>
    </groups>
    <test started-at="2025-08-12T10:52:48 GST" name="Test" finished-at="2025-08-12T10:53:19 GST" duration-ms="31264">
      <class name="testcase.TC_001_CreateLead">
        <test-method is-config="true" signature="setValues()[pri:0, instance:testcase.TC_001_CreateLead@1ce24091]" started-at="2025-08-12T10:52:48 GST" name="setValues" finished-at="2025-08-12T10:52:48 GST" duration-ms="19" status="PASS">
          <reporter-output>
          </reporter-output>
        </test-method> <!-- setValues -->
        <test-method is-config="true" signature="preConditions()[pri:0, instance:testcase.TC_001_CreateLead@1ce24091]" started-at="2025-08-12T10:52:49 GST" name="preConditions" finished-at="2025-08-12T10:52:56 GST" duration-ms="6998" status="PASS">
          <reporter-output>
          </reporter-output>
        </test-method> <!-- preConditions -->
        <test-method signature="createLead(java.lang.String,java.lang.String,java.lang.String,java.lang.String,java.lang.String)[pri:0, instance:testcase.TC_001_CreateLead@1ce24091]" started-at="2025-08-12T10:52:56 GST" name="createLead" data-provider="fetchData" finished-at="2025-08-12T10:53:06 GST" duration-ms="9672" status="PASS">
          <params>
            <param index="0">
              <value>
                <![CDATA[Demosalesmanager]]>
              </value>
            </param>
            <param index="1">
              <value>
                <![CDATA[crmsfa]]>
              </value>
            </param>
            <param index="2">
              <value>
                <![CDATA[Testleaf]]>
              </value>
            </param>
            <param index="3">
              <value>
                <![CDATA[Uma]]>
              </value>
            </param>
            <param index="4">
              <value>
                <![CDATA[N]]>
              </value>
            </param>
          </params>
          <reporter-output>
          </reporter-output>
        </test-method> <!-- createLead -->
        <test-method is-config="true" signature="postConditions()[pri:0, instance:testcase.TC_001_CreateLead@1ce24091]" started-at="2025-08-12T10:53:06 GST" name="postConditions" finished-at="2025-08-12T10:53:06 GST" duration-ms="209" status="PASS">
          <reporter-output>
          </reporter-output>
        </test-method> <!-- postConditions -->
        <test-method is-config="true" signature="preConditions()[pri:0, instance:testcase.TC_001_CreateLead@1ce24091]" started-at="2025-08-12T10:53:06 GST" name="preConditions" finished-at="2025-08-12T10:53:12 GST" duration-ms="5612" status="PASS">
          <reporter-output>
          </reporter-output>
        </test-method> <!-- preConditions -->
        <test-method signature="createLead(java.lang.String,java.lang.String,java.lang.String,java.lang.String,java.lang.String)[pri:0, instance:testcase.TC_001_CreateLead@1ce24091]" started-at="2025-08-12T10:53:12 GST" name="createLead" data-provider="fetchData" finished-at="2025-08-12T10:53:19 GST" duration-ms="7501" status="PASS">
          <params>
            <param index="0">
              <value>
                <![CDATA[DemoCSR]]>
              </value>
            </param>
            <param index="1">
              <value>
                <![CDATA[crmsfa]]>
              </value>
            </param>
            <param index="2">
              <value>
                <![CDATA[Qeagle]]>
              </value>
            </param>
            <param index="3">
              <value>
                <![CDATA[Hari]]>
              </value>
            </param>
            <param index="4">
              <value>
                <![CDATA[S]]>
              </value>
            </param>
          </params>
          <reporter-output>
          </reporter-output>
        </test-method> <!-- createLead -->
        <test-method is-config="true" signature="postConditions()[pri:0, instance:testcase.TC_001_CreateLead@1ce24091]" started-at="2025-08-12T10:53:19 GST" name="postConditions" finished-at="2025-08-12T10:53:19 GST" duration-ms="179" status="PASS">
          <reporter-output>
          </reporter-output>
        </test-method> <!-- postConditions -->
      </class> <!-- testcase.TC_001_CreateLead -->
      <class name="testcase.TC_002_Login_Page">
        <test-method is-config="true" signature="setValues()[pri:0, instance:testcase.TC_002_Login_Page@3a52dba3]" started-at="2025-08-12T10:52:48 GST" name="setValues" finished-at="2025-08-12T10:52:48 GST" duration-ms="0" status="PASS">
          <reporter-output>
          </reporter-output>
        </test-method> <!-- setValues -->
        <test-method is-config="true" signature="preConditions()[pri:0, instance:testcase.TC_002_Login_Page@3a52dba3]" started-at="2025-08-12T10:52:49 GST" name="preConditions" finished-at="2025-08-12T10:52:56 GST" duration-ms="7028" status="PASS">
          <reporter-output>
          </reporter-output>
        </test-method> <!-- preConditions -->
        <test-method signature="login(java.lang.String,java.lang.String)[pri:0, instance:testcase.TC_002_Login_Page@3a52dba3]" started-at="2025-08-12T10:52:56 GST" name="login" data-provider="fetchData" finished-at="2025-08-12T10:52:57 GST" duration-ms="515" status="PASS">
          <params>
            <param index="0">
              <value>
                <![CDATA[Demosalesmanager]]>
              </value>
            </param>
            <param index="1">
              <value>
                <![CDATA[crmsfa]]>
              </value>
            </param>
          </params>
          <reporter-output>
          </reporter-output>
        </test-method> <!-- login -->
        <test-method is-config="true" signature="postConditions()[pri:0, instance:testcase.TC_002_Login_Page@3a52dba3]" started-at="2025-08-12T10:52:57 GST" name="postConditions" finished-at="2025-08-12T10:52:57 GST" duration-ms="238" status="PASS">
          <reporter-output>
          </reporter-output>
        </test-method> <!-- postConditions -->
        <test-method is-config="true" signature="preConditions()[pri:0, instance:testcase.TC_002_Login_Page@3a52dba3]" started-at="2025-08-12T10:52:57 GST" name="preConditions" finished-at="2025-08-12T10:53:03 GST" duration-ms="6089" status="PASS">
          <reporter-output>
          </reporter-output>
        </test-method> <!-- preConditions -->
        <test-method signature="login(java.lang.String,java.lang.String)[pri:0, instance:testcase.TC_002_Login_Page@3a52dba3]" started-at="2025-08-12T10:53:03 GST" name="login" data-provider="fetchData" finished-at="2025-08-12T10:53:03 GST" duration-ms="379" status="PASS">
          <params>
            <param index="0">
              <value>
                <![CDATA[DemoCSR]]>
              </value>
            </param>
            <param index="1">
              <value>
                <![CDATA[crmsfa]]>
              </value>
            </param>
          </params>
          <reporter-output>
          </reporter-output>
        </test-method> <!-- login -->
        <test-method is-config="true" signature="postConditions()[pri:0, instance:testcase.TC_002_Login_Page@3a52dba3]" started-at="2025-08-12T10:53:03 GST" name="postConditions" finished-at="2025-08-12T10:53:04 GST" duration-ms="245" status="PASS">
          <reporter-output>
          </reporter-output>
        </test-method> <!-- postConditions -->
      </class> <!-- testcase.TC_002_Login_Page -->
    </test> <!-- Test -->
  </suite> <!-- Suite -->
</testng-results>
