<?xml version="1.0" encoding="UTF-8"?>
<!-- Generated by org.testng.reporters.JUnitXMLReporter -->
<testsuite ignored="0" hostname="DESKTOP-RTK9L6H" failures="0" tests="4" name="Test" time="31.264" errors="0" timestamp="2025-08-12T10:53:19 GST">
  <testcase classname="testcase.TC_002_Login_Page" name="login" time="0.515"/>
  <testcase classname="testcase.TC_002_Login_Page" name="login" time="0.379"/>
  <testcase classname="testcase.TC_001_CreateLead" name="createLead" time="9.672"/>
  <testcase classname="testcase.TC_001_CreateLead" name="createLead" time="7.501"/>
</testsuite> <!-- Test -->
