<?xml version="1.0" encoding="UTF-8"?>
<testng-results ignored="0" total="1" passed="1" failed="0" skipped="0">
  <reporter-output>
  </reporter-output>
  <suite started-at="2025-08-11T17:09:35 GST" name="Default suite" finished-at="2025-08-11T17:09:53 GST" duration-ms="17483">
    <groups>
    </groups>
    <test started-at="2025-08-11T17:09:35 GST" name="Default test" finished-at="2025-08-11T17:09:53 GST" duration-ms="17483">
      <class name="testcase.TC_001_CreateLead">
        <test-method is-config="true" signature="preConditions()[pri:0, instance:testcase.TC_001_CreateLead@1d296da]" started-at="2025-08-11T17:09:35 GST" name="preConditions" finished-at="2025-08-11T17:09:43 GST" duration-ms="7722" status="PASS">
          <reporter-output>
          </reporter-output>
        </test-method> <!-- preConditions -->
        <test-method signature="createLead()[pri:0, instance:testcase.TC_001_CreateLead@1d296da]" started-at="2025-08-11T17:09:43 GST" name="createLead" finished-at="2025-08-11T17:09:52 GST" duration-ms="9446" status="PASS">
          <reporter-output>
          </reporter-output>
        </test-method> <!-- createLead -->
        <test-method is-config="true" signature="postConditions()[pri:0, instance:testcase.TC_001_CreateLead@1d296da]" started-at="2025-08-11T17:09:52 GST" name="postConditions" finished-at="2025-08-11T17:09:53 GST" duration-ms="253" status="PASS">
          <reporter-output>
          </reporter-output>
        </test-method> <!-- postConditions -->
      </class> <!-- testcase.TC_001_CreateLead -->
    </test> <!-- Default test -->
  </suite> <!-- Default suite -->
</testng-results>
