<?xml version="1.0" encoding="UTF-8"?>
<testng-results ignored="0" total="2" passed="2" failed="0" skipped="0">
  <reporter-output>
  </reporter-output>
  <suite started-at="2025-07-30T11:21:03 GST" name="Suite" finished-at="2025-07-30T11:21:39 GST" duration-ms="36639">
    <groups>
    </groups>
    <test started-at="2025-07-30T11:21:03 GST" name="Test" finished-at="2025-07-30T11:21:39 GST" duration-ms="36639">
      <class name="testcases.EditLead">
        <test-method signature="editLead()[pri:0, instance:testcases.EditLead@368247b9]" started-at="2025-07-30T11:21:20 GST" name="editLead" finished-at="2025-07-30T11:21:39 GST" duration-ms="19478" status="PASS">
          <reporter-output>
          </reporter-output>
        </test-method> <!-- editLead -->
      </class> <!-- testcases.EditLead -->
      <class name="testcases.CreateLead">
        <test-method signature="createLead()[pri:0, instance:testcases.CreateLead@5677323c]" started-at="2025-07-30T11:21:03 GST" name="createLead" finished-at="2025-07-30T11:21:20 GST" duration-ms="17061" status="PASS">
          <reporter-output>
          </reporter-output>
        </test-method> <!-- createLead -->
      </class> <!-- testcases.CreateLead -->
    </test> <!-- Test -->
  </suite> <!-- Suite -->
</testng-results>
