<?xml version="1.0" encoding="UTF-8"?>
<!-- Generated by org.testng.reporters.JUnitXMLReporter -->
<testsuite ignored="0" hostname="DESKTOP-RTK9L6H" failures="0" tests="6" name="Test" time="39.532" errors="0" timestamp="2025-08-12T19:29:24 GST">
  <testcase classname="testcase.TC_002_Login_Page" name="login" time="0.444"/>
  <testcase classname="testcase.TC_002_Login_Page" name="login" time="0.355"/>
  <testcase classname="testcase.TC_002_CreateAccounts" name="createAccount" time="10.909"/>
  <testcase classname="testcase.TC_002_Logout_Page" name="logout" time="14.2"/>
  <testcase classname="testcase.TC_002_CreateAccounts" name="createAccount" time="10.701"/>
  <testcase classname="testcase.TC_002_Logout_Page" name="logout" time="11.097"/>
</testsuite> <!-- Test -->
