<?xml version="1.0" encoding="UTF-8"?>
<testng-results ignored="0" total="3" passed="3" failed="0" skipped="0">
  <reporter-output>
  </reporter-output>
  <suite started-at="2025-08-06T21:31:03 GST" name="Default suite" finished-at="2025-08-06T21:31:52 GST" duration-ms="49385">
    <groups>
      <group name="cucumber">
        <method signature="AbstractTestNGCucumberTests.runScenario(io.cucumber.testng.PickleWrapper,io.cucumber.testng.FeatureWrapper)[pri:0, instance:Runner.SalesforceRunner@31190526]" name="runScenario" class="io.cucumber.testng.AbstractTestNGCucumberTests"/>
      </group> <!-- cucumber -->
    </groups>
    <test started-at="2025-08-06T21:31:03 GST" name="Default test" finished-at="2025-08-06T21:31:52 GST" duration-ms="49385">
      <class name="Runner.SalesforceRunner">
        <test-method is-config="true" signature="setUpClass(org.testng.ITestContext)[pri:0, instance:Runner.SalesforceRunner@31190526]" started-at="2025-08-06T21:31:03 GST" name="setUpClass" finished-at="2025-08-06T21:31:03 GST" duration-ms="552" status="PASS">
          <params>
            <param index="0">
              <value>
                <![CDATA[org.testng.TestRunner@4fe64d23]]>
              </value>
            </param>
          </params>
          <reporter-output>
          </reporter-output>
        </test-method> <!-- setUpClass -->
        <test-method signature="runScenario(io.cucumber.testng.PickleWrapper,io.cucumber.testng.FeatureWrapper)[pri:0, instance:Runner.SalesforceRunner@31190526]" started-at="2025-08-06T21:31:03 GST" name="runScenario" description="Runs Cucumber Scenarios" data-provider="scenarios" finished-at="2025-08-06T21:31:07 GST" duration-ms="4027" status="PASS">
          <params>
            <param index="0">
              <value>
                <![CDATA["Login function with valid credentials"]]>
              </value>
            </param>
            <param index="1">
              <value>
                <![CDATA["Login functionality of Salesforce application"]]>
              </value>
            </param>
          </params>
          <reporter-output>
          </reporter-output>
        </test-method> <!-- runScenario -->
        <test-method signature="runScenario(io.cucumber.testng.PickleWrapper,io.cucumber.testng.FeatureWrapper)[pri:0, instance:Runner.SalesforceRunner@31190526]" started-at="2025-08-06T21:31:07 GST" name="runScenario" description="Runs Cucumber Scenarios" data-provider="scenarios" finished-at="2025-08-06T21:31:11 GST" duration-ms="3581" status="PASS">
          <params>
            <param index="0">
              <value>
                <![CDATA["Login function with invalid credentials"]]>
              </value>
            </param>
            <param index="1">
              <value>
                <![CDATA["Login functionality of Salesforce application"]]>
              </value>
            </param>
          </params>
          <reporter-output>
          </reporter-output>
        </test-method> <!-- runScenario -->
        <test-method signature="runScenario(io.cucumber.testng.PickleWrapper,io.cucumber.testng.FeatureWrapper)[pri:0, instance:Runner.SalesforceRunner@31190526]" started-at="2025-08-06T21:31:11 GST" name="runScenario" description="Runs Cucumber Scenarios" data-provider="scenarios" finished-at="2025-08-06T21:31:48 GST" duration-ms="37210" status="PASS">
          <params>
            <param index="0">
              <value>
                <![CDATA["Create a new account in Salesforce"]]>
              </value>
            </param>
            <param index="1">
              <value>
                <![CDATA["Login functionality of Salesforce application"]]>
              </value>
            </param>
          </params>
          <reporter-output>
          </reporter-output>
        </test-method> <!-- runScenario -->
        <test-method is-config="true" signature="tearDownClass()[pri:0, instance:Runner.SalesforceRunner@31190526]" started-at="2025-08-06T21:31:48 GST" name="tearDownClass" finished-at="2025-08-06T21:31:52 GST" duration-ms="3954" status="PASS">
          <reporter-output>
          </reporter-output>
        </test-method> <!-- tearDownClass -->
      </class> <!-- Runner.SalesforceRunner -->
    </test> <!-- Default test -->
  </suite> <!-- Default suite -->
</testng-results>
